Performing C SOURCE FILE Test CMAKE_HAVE_LIBC_PTHREAD failed with the following output:
Change Dir: /home/chenyanfan/work/code/cuda_codegen/CMakeFiles/CMakeTmp

Run Build Command(s):/usr/bin/make cmTC_0049b/fast && /usr/bin/make  -f CMakeFiles/cmTC_0049b.dir/build.make CMakeFiles/cmTC_0049b.dir/build
make[1]: Entering directory '/home/chenyanfan/work/code/cuda_codegen/CMakeFiles/CMakeTmp'
Building C object CMakeFiles/cmTC_0049b.dir/src.c.o
/usr/bin/cc   -fPIC -DCMAKE_HAVE_LIBC_PTHREAD -o CMakeFiles/cmTC_0049b.dir/src.c.o -c /home/chenyanfan/work/code/cuda_codegen/CMakeFiles/CMakeTmp/src.c
Linking C executable cmTC_0049b
/usr/local/bin/cmake -E cmake_link_script CMakeFiles/cmTC_0049b.dir/link.txt --verbose=1
/usr/bin/cc -fPIC -DCMAKE_HAVE_LIBC_PTHREAD CMakeFiles/cmTC_0049b.dir/src.c.o -o cmTC_0049b 
CMakeFiles/cmTC_0049b.dir/src.c.o: In function `main':
src.c:(.text+0x3e): undefined reference to `pthread_create'
src.c:(.text+0x4a): undefined reference to `pthread_detach'
src.c:(.text+0x56): undefined reference to `pthread_cancel'
src.c:(.text+0x67): undefined reference to `pthread_join'
src.c:(.text+0x7b): undefined reference to `pthread_atfork'
collect2: error: ld returned 1 exit status
CMakeFiles/cmTC_0049b.dir/build.make:105: recipe for target 'cmTC_0049b' failed
make[1]: *** [cmTC_0049b] Error 1
make[1]: Leaving directory '/home/chenyanfan/work/code/cuda_codegen/CMakeFiles/CMakeTmp'
Makefile:140: recipe for target 'cmTC_0049b/fast' failed
make: *** [cmTC_0049b/fast] Error 2


Source file was:
#include <pthread.h>

void* test_func(void* data)
{
  return data;
}

int main(void)
{
  pthread_t thread;
  pthread_create(&thread, NULL, test_func, NULL);
  pthread_detach(thread);
  pthread_cancel(thread);
  pthread_join(thread, NULL);
  pthread_atfork(NULL, NULL, NULL);
  pthread_exit(NULL);

  return 0;
}

Determining if the function pthread_create exists in the pthreads failed with the following output:
Change Dir: /home/chenyanfan/work/code/cuda_codegen/CMakeFiles/CMakeTmp

Run Build Command(s):/usr/bin/make cmTC_f3b8a/fast && /usr/bin/make  -f CMakeFiles/cmTC_f3b8a.dir/build.make CMakeFiles/cmTC_f3b8a.dir/build
make[1]: Entering directory '/home/chenyanfan/work/code/cuda_codegen/CMakeFiles/CMakeTmp'
Building C object CMakeFiles/cmTC_f3b8a.dir/CheckFunctionExists.c.o
/usr/bin/cc   -fPIC -DCHECK_FUNCTION_EXISTS=pthread_create -o CMakeFiles/cmTC_f3b8a.dir/CheckFunctionExists.c.o -c /usr/local/share/cmake-3.18/Modules/CheckFunctionExists.c
Linking C executable cmTC_f3b8a
/usr/local/bin/cmake -E cmake_link_script CMakeFiles/cmTC_f3b8a.dir/link.txt --verbose=1
/usr/bin/cc -fPIC -DCHECK_FUNCTION_EXISTS=pthread_create CMakeFiles/cmTC_f3b8a.dir/CheckFunctionExists.c.o -o cmTC_f3b8a  -lpthreads 
/usr/bin/ld: cannot find -lpthreads
collect2: error: ld returned 1 exit status
CMakeFiles/cmTC_f3b8a.dir/build.make:105: recipe for target 'cmTC_f3b8a' failed
make[1]: *** [cmTC_f3b8a] Error 1
make[1]: Leaving directory '/home/chenyanfan/work/code/cuda_codegen/CMakeFiles/CMakeTmp'
Makefile:140: recipe for target 'cmTC_f3b8a/fast' failed
make: *** [cmTC_f3b8a/fast] Error 2



Performing C SOURCE FILE Test CMAKE_HAVE_LIBC_PTHREAD failed with the following output:
Change Dir: /home/chenyanfan/work/code/cuda_codegen/CMakeFiles/CMakeTmp

Run Build Command(s):/usr/bin/make cmTC_324e8/fast && /usr/bin/make  -f CMakeFiles/cmTC_324e8.dir/build.make CMakeFiles/cmTC_324e8.dir/build
make[1]: Entering directory '/home/chenyanfan/work/code/cuda_codegen/CMakeFiles/CMakeTmp'
Building C object CMakeFiles/cmTC_324e8.dir/src.c.o
/usr/bin/cc   -fPIC -DCMAKE_HAVE_LIBC_PTHREAD -o CMakeFiles/cmTC_324e8.dir/src.c.o -c /home/chenyanfan/work/code/cuda_codegen/CMakeFiles/CMakeTmp/src.c
Linking C executable cmTC_324e8
/usr/local/bin/cmake -E cmake_link_script CMakeFiles/cmTC_324e8.dir/link.txt --verbose=1
/usr/bin/cc -fPIC -DCMAKE_HAVE_LIBC_PTHREAD CMakeFiles/cmTC_324e8.dir/src.c.o -o cmTC_324e8 
CMakeFiles/cmTC_324e8.dir/src.c.o: In function `main':
src.c:(.text+0x3e): undefined reference to `pthread_create'
src.c:(.text+0x4a): undefined reference to `pthread_detach'
src.c:(.text+0x56): undefined reference to `pthread_cancel'
src.c:(.text+0x67): undefined reference to `pthread_join'
src.c:(.text+0x7b): undefined reference to `pthread_atfork'
collect2: error: ld returned 1 exit status
CMakeFiles/cmTC_324e8.dir/build.make:105: recipe for target 'cmTC_324e8' failed
make[1]: *** [cmTC_324e8] Error 1
make[1]: Leaving directory '/home/chenyanfan/work/code/cuda_codegen/CMakeFiles/CMakeTmp'
Makefile:140: recipe for target 'cmTC_324e8/fast' failed
make: *** [cmTC_324e8/fast] Error 2


Source file was:
#include <pthread.h>

void* test_func(void* data)
{
  return data;
}

int main(void)
{
  pthread_t thread;
  pthread_create(&thread, NULL, test_func, NULL);
  pthread_detach(thread);
  pthread_cancel(thread);
  pthread_join(thread, NULL);
  pthread_atfork(NULL, NULL, NULL);
  pthread_exit(NULL);

  return 0;
}

Determining if the function pthread_create exists in the pthreads failed with the following output:
Change Dir: /home/chenyanfan/work/code/cuda_codegen/CMakeFiles/CMakeTmp

Run Build Command(s):/usr/bin/make cmTC_3139b/fast && /usr/bin/make  -f CMakeFiles/cmTC_3139b.dir/build.make CMakeFiles/cmTC_3139b.dir/build
make[1]: Entering directory '/home/chenyanfan/work/code/cuda_codegen/CMakeFiles/CMakeTmp'
Building C object CMakeFiles/cmTC_3139b.dir/CheckFunctionExists.c.o
/usr/bin/cc   -fPIC -DCHECK_FUNCTION_EXISTS=pthread_create -o CMakeFiles/cmTC_3139b.dir/CheckFunctionExists.c.o -c /usr/local/share/cmake-3.18/Modules/CheckFunctionExists.c
Linking C executable cmTC_3139b
/usr/local/bin/cmake -E cmake_link_script CMakeFiles/cmTC_3139b.dir/link.txt --verbose=1
/usr/bin/cc -fPIC -DCHECK_FUNCTION_EXISTS=pthread_create CMakeFiles/cmTC_3139b.dir/CheckFunctionExists.c.o -o cmTC_3139b  -lpthreads 
/usr/bin/ld: cannot find -lpthreads
collect2: error: ld returned 1 exit status
CMakeFiles/cmTC_3139b.dir/build.make:105: recipe for target 'cmTC_3139b' failed
make[1]: *** [cmTC_3139b] Error 1
make[1]: Leaving directory '/home/chenyanfan/work/code/cuda_codegen/CMakeFiles/CMakeTmp'
Makefile:140: recipe for target 'cmTC_3139b/fast' failed
make: *** [cmTC_3139b/fast] Error 2



Performing C SOURCE FILE Test CMAKE_HAVE_LIBC_PTHREAD failed with the following output:
Change Dir: /home/chenyanfan/work/code/cuda_codegen/CMakeFiles/CMakeTmp

Run Build Command(s):/usr/bin/make cmTC_dd087/fast && /usr/bin/make  -f CMakeFiles/cmTC_dd087.dir/build.make CMakeFiles/cmTC_dd087.dir/build
make[1]: Entering directory '/home/chenyanfan/work/code/cuda_codegen/CMakeFiles/CMakeTmp'
Building C object CMakeFiles/cmTC_dd087.dir/src.c.o
/usr/bin/cc   -fPIC -DCMAKE_HAVE_LIBC_PTHREAD -o CMakeFiles/cmTC_dd087.dir/src.c.o -c /home/chenyanfan/work/code/cuda_codegen/CMakeFiles/CMakeTmp/src.c
Linking C executable cmTC_dd087
/usr/local/bin/cmake -E cmake_link_script CMakeFiles/cmTC_dd087.dir/link.txt --verbose=1
/usr/bin/cc -fPIC -DCMAKE_HAVE_LIBC_PTHREAD CMakeFiles/cmTC_dd087.dir/src.c.o -o cmTC_dd087 
CMakeFiles/cmTC_dd087.dir/src.c.o: In function `main':
src.c:(.text+0x3e): undefined reference to `pthread_create'
src.c:(.text+0x4a): undefined reference to `pthread_detach'
src.c:(.text+0x56): undefined reference to `pthread_cancel'
src.c:(.text+0x67): undefined reference to `pthread_join'
src.c:(.text+0x7b): undefined reference to `pthread_atfork'
collect2: error: ld returned 1 exit status
CMakeFiles/cmTC_dd087.dir/build.make:105: recipe for target 'cmTC_dd087' failed
make[1]: *** [cmTC_dd087] Error 1
make[1]: Leaving directory '/home/chenyanfan/work/code/cuda_codegen/CMakeFiles/CMakeTmp'
Makefile:140: recipe for target 'cmTC_dd087/fast' failed
make: *** [cmTC_dd087/fast] Error 2


Source file was:
#include <pthread.h>

void* test_func(void* data)
{
  return data;
}

int main(void)
{
  pthread_t thread;
  pthread_create(&thread, NULL, test_func, NULL);
  pthread_detach(thread);
  pthread_cancel(thread);
  pthread_join(thread, NULL);
  pthread_atfork(NULL, NULL, NULL);
  pthread_exit(NULL);

  return 0;
}

Determining if the function pthread_create exists in the pthreads failed with the following output:
Change Dir: /home/chenyanfan/work/code/cuda_codegen/CMakeFiles/CMakeTmp

Run Build Command(s):/usr/bin/make cmTC_ac5bd/fast && /usr/bin/make  -f CMakeFiles/cmTC_ac5bd.dir/build.make CMakeFiles/cmTC_ac5bd.dir/build
make[1]: Entering directory '/home/chenyanfan/work/code/cuda_codegen/CMakeFiles/CMakeTmp'
Building C object CMakeFiles/cmTC_ac5bd.dir/CheckFunctionExists.c.o
/usr/bin/cc   -fPIC -DCHECK_FUNCTION_EXISTS=pthread_create -o CMakeFiles/cmTC_ac5bd.dir/CheckFunctionExists.c.o -c /usr/local/share/cmake-3.18/Modules/CheckFunctionExists.c
Linking C executable cmTC_ac5bd
/usr/local/bin/cmake -E cmake_link_script CMakeFiles/cmTC_ac5bd.dir/link.txt --verbose=1
/usr/bin/cc -fPIC -DCHECK_FUNCTION_EXISTS=pthread_create CMakeFiles/cmTC_ac5bd.dir/CheckFunctionExists.c.o -o cmTC_ac5bd  -lpthreads 
/usr/bin/ld: cannot find -lpthreads
collect2: error: ld returned 1 exit status
CMakeFiles/cmTC_ac5bd.dir/build.make:105: recipe for target 'cmTC_ac5bd' failed
make[1]: *** [cmTC_ac5bd] Error 1
make[1]: Leaving directory '/home/chenyanfan/work/code/cuda_codegen/CMakeFiles/CMakeTmp'
Makefile:140: recipe for target 'cmTC_ac5bd/fast' failed
make: *** [cmTC_ac5bd/fast] Error 2



